[0.078s] DEBUG:colcon:Command line arguments: ['/usr/bin/colcon', 'build']
[0.078s] DEBUG:colcon:Parsed command line arguments: Namespace(log_base=None, log_level=None, verb_name='build', build_base='build', install_base='install', merge_install=False, symlink_install=False, test_result_base=None, continue_on_error=False, executor='parallel', parallel_workers=16, event_handlers=None, ignore_user_meta=False, metas=['./colcon.meta'], base_paths=['.'], packages_ignore=None, packages_ignore_regex=None, paths=None, packages_up_to=None, packages_up_to_regex=None, packages_above=None, packages_above_and_dependencies=None, packages_above_depth=None, packages_select_by_dep=None, packages_skip_by_dep=None, packages_skip_up_to=None, packages_select_build_failed=False, packages_skip_build_finished=False, packages_select_test_failures=False, packages_skip_test_passed=False, packages_select=None, packages_skip=None, packages_select_regex=None, packages_skip_regex=None, packages_start=None, packages_end=None, allow_overriding=[], cmake_args=None, cmake_target=None, cmake_target_skip_unavailable=False, cmake_clean_cache=False, cmake_clean_first=False, cmake_force_configure=False, ament_cmake_args=None, catkin_cmake_args=None, catkin_skip_building_tests=False, mixin_files=None, mixin=None, verb_parser=<colcon_mixin.mixin.mixin_argument.MixinArgumentDecorator object at 0x717631463d00>, verb_extension=<colcon_core.verb.build.BuildVerb object at 0x7176314637c0>, main=<bound method BuildVerb.main of <colcon_core.verb.build.BuildVerb object at 0x7176314637c0>>, mixin_verb=('build',))
[0.222s] Level 1:colcon.colcon_core.package_discovery:discover_packages(colcon_meta) check parameters
[0.222s] Level 1:colcon.colcon_core.package_discovery:discover_packages(recursive) check parameters
[0.222s] Level 1:colcon.colcon_core.package_discovery:discover_packages(ignore) check parameters
[0.222s] Level 1:colcon.colcon_core.package_discovery:discover_packages(path) check parameters
[0.222s] Level 1:colcon.colcon_core.package_discovery:discover_packages(colcon_meta) discover
[0.222s] Level 1:colcon.colcon_core.package_discovery:discover_packages(recursive) discover
[0.222s] INFO:colcon.colcon_core.package_discovery:Crawling recursively for packages in '/home/kkks/exam'
[0.222s] Level 1:colcon.colcon_core.package_identification:_identify(.) by extensions ['ignore', 'ignore_ament_install']
[0.222s] Level 1:colcon.colcon_core.package_identification:_identify(.) by extension 'ignore'
[0.222s] Level 1:colcon.colcon_core.package_identification:_identify(.) by extension 'ignore_ament_install'
[0.223s] Level 1:colcon.colcon_core.package_identification:_identify(.) by extensions ['colcon_pkg']
[0.223s] Level 1:colcon.colcon_core.package_identification:_identify(.) by extension 'colcon_pkg'
[0.223s] Level 1:colcon.colcon_core.package_identification:_identify(.) by extensions ['colcon_meta']
[0.223s] Level 1:colcon.colcon_core.package_identification:_identify(.) by extension 'colcon_meta'
[0.223s] Level 1:colcon.colcon_core.package_identification:_identify(.) by extensions ['ros']
[0.223s] Level 1:colcon.colcon_core.package_identification:_identify(.) by extension 'ros'
[0.233s] Level 1:colcon.colcon_core.package_identification:_identify(.) by extensions ['cmake', 'python']
[0.233s] Level 1:colcon.colcon_core.package_identification:_identify(.) by extension 'cmake'
[0.233s] Level 1:colcon.colcon_core.package_identification:_identify(.) by extension 'python'
[0.233s] Level 1:colcon.colcon_core.package_identification:_identify(.) by extensions ['python_setup_py']
[0.233s] Level 1:colcon.colcon_core.package_identification:_identify(.) by extension 'python_setup_py'
[0.233s] Level 1:colcon.colcon_core.package_identification:_identify(build) by extensions ['ignore', 'ignore_ament_install']
[0.233s] Level 1:colcon.colcon_core.package_identification:_identify(build) by extension 'ignore'
[0.233s] Level 1:colcon.colcon_core.package_identification:_identify(build) ignored
[0.233s] Level 1:colcon.colcon_core.package_identification:_identify(examine) by extensions ['ignore', 'ignore_ament_install']
[0.233s] Level 1:colcon.colcon_core.package_identification:_identify(examine) by extension 'ignore'
[0.233s] Level 1:colcon.colcon_core.package_identification:_identify(examine) by extension 'ignore_ament_install'
[0.233s] Level 1:colcon.colcon_core.package_identification:_identify(examine) by extensions ['colcon_pkg']
[0.233s] Level 1:colcon.colcon_core.package_identification:_identify(examine) by extension 'colcon_pkg'
[0.233s] Level 1:colcon.colcon_core.package_identification:_identify(examine) by extensions ['colcon_meta']
[0.233s] Level 1:colcon.colcon_core.package_identification:_identify(examine) by extension 'colcon_meta'
[0.233s] Level 1:colcon.colcon_core.package_identification:_identify(examine) by extensions ['ros']
[0.233s] Level 1:colcon.colcon_core.package_identification:_identify(examine) by extension 'ros'
[0.236s] DEBUG:colcon.colcon_core.package_identification:Package 'examine' with type 'ros.ament_cmake' and name 'examine'
[0.236s] Level 1:colcon.colcon_core.package_identification:_identify(install) by extensions ['ignore', 'ignore_ament_install']
[0.236s] Level 1:colcon.colcon_core.package_identification:_identify(install) by extension 'ignore'
[0.236s] Level 1:colcon.colcon_core.package_identification:_identify(install) ignored
[0.236s] Level 1:colcon.colcon_core.package_identification:_identify(log) by extensions ['ignore', 'ignore_ament_install']
[0.236s] Level 1:colcon.colcon_core.package_identification:_identify(log) by extension 'ignore'
[0.236s] Level 1:colcon.colcon_core.package_identification:_identify(log) ignored
[0.236s] Level 1:colcon.colcon_core.package_identification:_identify(tutorial_interfaces) by extensions ['ignore', 'ignore_ament_install']
[0.236s] Level 1:colcon.colcon_core.package_identification:_identify(tutorial_interfaces) by extension 'ignore'
[0.236s] Level 1:colcon.colcon_core.package_identification:_identify(tutorial_interfaces) by extension 'ignore_ament_install'
[0.236s] Level 1:colcon.colcon_core.package_identification:_identify(tutorial_interfaces) by extensions ['colcon_pkg']
[0.236s] Level 1:colcon.colcon_core.package_identification:_identify(tutorial_interfaces) by extension 'colcon_pkg'
[0.236s] Level 1:colcon.colcon_core.package_identification:_identify(tutorial_interfaces) by extensions ['colcon_meta']
[0.236s] Level 1:colcon.colcon_core.package_identification:_identify(tutorial_interfaces) by extension 'colcon_meta'
[0.236s] Level 1:colcon.colcon_core.package_identification:_identify(tutorial_interfaces) by extensions ['ros']
[0.236s] Level 1:colcon.colcon_core.package_identification:_identify(tutorial_interfaces) by extension 'ros'
[0.237s] DEBUG:colcon.colcon_core.package_identification:Package 'tutorial_interfaces' with type 'ros.ament_cmake' and name 'tutorial_interfaces'
[0.237s] Level 1:colcon.colcon_core.package_discovery:discover_packages(recursive) using defaults
[0.237s] Level 1:colcon.colcon_core.package_discovery:discover_packages(ignore) discover
[0.237s] Level 1:colcon.colcon_core.package_discovery:discover_packages(ignore) using defaults
[0.237s] Level 1:colcon.colcon_core.package_discovery:discover_packages(path) discover
[0.237s] Level 1:colcon.colcon_core.package_discovery:discover_packages(path) using defaults
[0.263s] Level 1:colcon.colcon_core.package_discovery:discover_packages(prefix_path) check parameters
[0.263s] Level 1:colcon.colcon_core.package_discovery:discover_packages(prefix_path) discover
[0.264s] WARNING:colcon.colcon_ros.prefix_path.ament:The path '/home/kkks/exam/install/tutorial_interfaces' in the environment variable AMENT_PREFIX_PATH doesn't exist
[0.264s] WARNING:colcon.colcon_ros.prefix_path.ament:The path '/home/kkks/exam/install/examine' in the environment variable AMENT_PREFIX_PATH doesn't exist
[0.265s] WARNING:colcon.colcon_ros.prefix_path.catkin:The path '/home/kkks/exam/install/tutorial_interfaces' in the environment variable CMAKE_PREFIX_PATH doesn't exist
[0.265s] WARNING:colcon.colcon_ros.prefix_path.catkin:The path '/home/kkks/exam/install/examine' in the environment variable CMAKE_PREFIX_PATH doesn't exist
[0.266s] DEBUG:colcon.colcon_installed_package_information.package_discovery:Found 0 installed packages in /home/kkks/exam/install
[0.267s] DEBUG:colcon.colcon_installed_package_information.package_discovery:Found 9 installed packages in /home/kkks/sim_ws/install
[0.267s] DEBUG:colcon.colcon_installed_package_information.package_discovery:Found 1 installed packages in /home/kkks/workspace/install
[0.267s] DEBUG:colcon.colcon_installed_package_information.package_discovery:Found 2 installed packages in /home/kkks/Downloads/khh_ws/install
[0.268s] DEBUG:colcon.colcon_installed_package_information.package_discovery:Found 5 installed packages in /home/kkks/robot/install
[0.268s] DEBUG:colcon.colcon_installed_package_information.package_discovery:Found 1 installed packages in /home/kkks/URDF/install
[0.268s] DEBUG:colcon.colcon_installed_package_information.package_discovery:Found 1 installed packages in /home/kkks/tf_ws/install
[0.269s] DEBUG:colcon.colcon_installed_package_information.package_discovery:Found 2 installed packages in /home/kkks/customws/install
[0.269s] DEBUG:colcon.colcon_installed_package_information.package_discovery:Found 5 installed packages in /home/kkks/dev_ws/install
[0.271s] DEBUG:colcon.colcon_installed_package_information.package_discovery:Found 424 installed packages in /opt/ros/humble
[0.272s] Level 1:colcon.colcon_core.package_discovery:discover_packages(prefix_path) using defaults
[0.314s] Level 5:colcon.colcon_core.verb:set package 'examine' build argument 'cmake_args' from command line to 'None'
[0.314s] Level 5:colcon.colcon_core.verb:set package 'examine' build argument 'cmake_target' from command line to 'None'
[0.314s] Level 5:colcon.colcon_core.verb:set package 'examine' build argument 'cmake_target_skip_unavailable' from command line to 'False'
[0.314s] Level 5:colcon.colcon_core.verb:set package 'examine' build argument 'cmake_clean_cache' from command line to 'False'
[0.314s] Level 5:colcon.colcon_core.verb:set package 'examine' build argument 'cmake_clean_first' from command line to 'False'
[0.314s] Level 5:colcon.colcon_core.verb:set package 'examine' build argument 'cmake_force_configure' from command line to 'False'
[0.314s] Level 5:colcon.colcon_core.verb:set package 'examine' build argument 'ament_cmake_args' from command line to 'None'
[0.314s] Level 5:colcon.colcon_core.verb:set package 'examine' build argument 'catkin_cmake_args' from command line to 'None'
[0.314s] Level 5:colcon.colcon_core.verb:set package 'examine' build argument 'catkin_skip_building_tests' from command line to 'False'
[0.314s] DEBUG:colcon.colcon_core.verb:Building package 'examine' with the following arguments: {'ament_cmake_args': None, 'build_base': '/home/kkks/exam/build/examine', 'catkin_cmake_args': None, 'catkin_skip_building_tests': False, 'cmake_args': None, 'cmake_clean_cache': False, 'cmake_clean_first': False, 'cmake_force_configure': False, 'cmake_target': None, 'cmake_target_skip_unavailable': False, 'install_base': '/home/kkks/exam/install/examine', 'merge_install': False, 'path': '/home/kkks/exam/examine', 'symlink_install': False, 'test_result_base': None}
[0.314s] Level 5:colcon.colcon_core.verb:set package 'tutorial_interfaces' build argument 'cmake_args' from command line to 'None'
[0.314s] Level 5:colcon.colcon_core.verb:set package 'tutorial_interfaces' build argument 'cmake_target' from command line to 'None'
[0.314s] Level 5:colcon.colcon_core.verb:set package 'tutorial_interfaces' build argument 'cmake_target_skip_unavailable' from command line to 'False'
[0.314s] Level 5:colcon.colcon_core.verb:set package 'tutorial_interfaces' build argument 'cmake_clean_cache' from command line to 'False'
[0.314s] Level 5:colcon.colcon_core.verb:set package 'tutorial_interfaces' build argument 'cmake_clean_first' from command line to 'False'
[0.315s] Level 5:colcon.colcon_core.verb:set package 'tutorial_interfaces' build argument 'cmake_force_configure' from command line to 'False'
[0.315s] Level 5:colcon.colcon_core.verb:set package 'tutorial_interfaces' build argument 'ament_cmake_args' from command line to 'None'
[0.315s] Level 5:colcon.colcon_core.verb:set package 'tutorial_interfaces' build argument 'catkin_cmake_args' from command line to 'None'
[0.315s] Level 5:colcon.colcon_core.verb:set package 'tutorial_interfaces' build argument 'catkin_skip_building_tests' from command line to 'False'
[0.315s] DEBUG:colcon.colcon_core.verb:Building package 'tutorial_interfaces' with the following arguments: {'ament_cmake_args': None, 'build_base': '/home/kkks/exam/build/tutorial_interfaces', 'catkin_cmake_args': None, 'catkin_skip_building_tests': False, 'cmake_args': None, 'cmake_clean_cache': False, 'cmake_clean_first': False, 'cmake_force_configure': False, 'cmake_target': None, 'cmake_target_skip_unavailable': False, 'install_base': '/home/kkks/exam/install/tutorial_interfaces', 'merge_install': False, 'path': '/home/kkks/exam/tutorial_interfaces', 'symlink_install': False, 'test_result_base': None}
[0.315s] INFO:colcon.colcon_core.executor:Executing jobs using 'parallel' executor
[0.316s] DEBUG:colcon.colcon_parallel_executor.executor.parallel:run_until_complete
[0.316s] INFO:colcon.colcon_ros.task.ament_cmake.build:Building ROS package in '/home/kkks/exam/examine' with build type 'ament_cmake'
[0.316s] INFO:colcon.colcon_cmake.task.cmake.build:Building CMake package in '/home/kkks/exam/examine'
[0.317s] INFO:colcon.colcon_core.plugin_system:Skipping extension 'colcon_core.shell.bat': Not used on non-Windows systems
[0.317s] INFO:colcon.colcon_core.shell:Skip shell extension 'powershell' for command environment: Not usable outside of PowerShell
[0.317s] DEBUG:colcon.colcon_core.shell:Skip shell extension 'dsv' for command environment
[0.323s] INFO:colcon.colcon_ros.task.ament_cmake.build:Building ROS package in '/home/kkks/exam/tutorial_interfaces' with build type 'ament_cmake'
[0.324s] INFO:colcon.colcon_cmake.task.cmake.build:Building CMake package in '/home/kkks/exam/tutorial_interfaces'
[0.324s] INFO:colcon.colcon_core.shell:Skip shell extension 'powershell' for command environment: Not usable outside of PowerShell
[0.324s] DEBUG:colcon.colcon_core.shell:Skip shell extension 'dsv' for command environment
[0.333s] DEBUG:colcon.colcon_core.event_handler.log_command:Invoking command in '/home/kkks/exam/build/examine': CMAKE_PREFIX_PATH=${CMAKE_PREFIX_PATH}:/opt/ros/humble /usr/bin/cmake /home/kkks/exam/examine -DCMAKE_INSTALL_PREFIX=/home/kkks/exam/install/examine
[0.335s] DEBUG:colcon.colcon_core.event_handler.log_command:Invoking command in '/home/kkks/exam/build/tutorial_interfaces': CMAKE_PREFIX_PATH=${CMAKE_PREFIX_PATH}:/opt/ros/humble /usr/bin/cmake /home/kkks/exam/tutorial_interfaces -DCMAKE_INSTALL_PREFIX=/home/kkks/exam/install/tutorial_interfaces
[1.579s] DEBUG:colcon.colcon_core.event_handler.log_command:Invoked command in '/home/kkks/exam/build/examine' returned '0': CMAKE_PREFIX_PATH=${CMAKE_PREFIX_PATH}:/opt/ros/humble /usr/bin/cmake /home/kkks/exam/examine -DCMAKE_INSTALL_PREFIX=/home/kkks/exam/install/examine
[1.581s] DEBUG:colcon.colcon_core.event_handler.log_command:Invoking command in '/home/kkks/exam/build/examine': CMAKE_PREFIX_PATH=${CMAKE_PREFIX_PATH}:/opt/ros/humble /usr/bin/cmake --build /home/kkks/exam/build/examine -- -j16 -l16
[2.377s] DEBUG:colcon.colcon_core.event_handler.log_command:Invoked command in '/home/kkks/exam/build/tutorial_interfaces' returned '0': CMAKE_PREFIX_PATH=${CMAKE_PREFIX_PATH}:/opt/ros/humble /usr/bin/cmake /home/kkks/exam/tutorial_interfaces -DCMAKE_INSTALL_PREFIX=/home/kkks/exam/install/tutorial_interfaces
[2.379s] DEBUG:colcon.colcon_core.event_handler.log_command:Invoking command in '/home/kkks/exam/build/tutorial_interfaces': CMAKE_PREFIX_PATH=${CMAKE_PREFIX_PATH}:/opt/ros/humble /usr/bin/cmake --build /home/kkks/exam/build/tutorial_interfaces -- -j16 -l16
[12.089s] DEBUG:colcon.colcon_core.event_handler.log_command:Invoked command in '/home/kkks/exam/build/examine' returned '0': CMAKE_PREFIX_PATH=${CMAKE_PREFIX_PATH}:/opt/ros/humble /usr/bin/cmake --build /home/kkks/exam/build/examine -- -j16 -l16
[12.099s] DEBUG:colcon.colcon_core.event_handler.log_command:Invoking command in '/home/kkks/exam/build/examine': CMAKE_PREFIX_PATH=${CMAKE_PREFIX_PATH}:/opt/ros/humble /usr/bin/cmake --install /home/kkks/exam/build/examine
[12.126s] Level 1:colcon.colcon_core.environment:create_environment_scripts_only(examine)
[12.126s] DEBUG:colcon.colcon_core.event_handler.log_command:Invoked command in '/home/kkks/exam/build/examine' returned '0': CMAKE_PREFIX_PATH=${CMAKE_PREFIX_PATH}:/opt/ros/humble /usr/bin/cmake --install /home/kkks/exam/build/examine
[12.128s] Level 1:colcon.colcon_core.environment:checking '/home/kkks/exam/install/examine' for CMake module files
[12.128s] Level 1:colcon.colcon_core.environment:checking '/home/kkks/exam/install/examine' for CMake config files
[12.129s] Level 1:colcon.colcon_core.shell:create_environment_hook('examine', 'cmake_prefix_path')
[12.129s] INFO:colcon.colcon_core.shell:Creating environment hook '/home/kkks/exam/install/examine/share/examine/hook/cmake_prefix_path.ps1'
[12.129s] INFO:colcon.colcon_core.shell:Creating environment descriptor '/home/kkks/exam/install/examine/share/examine/hook/cmake_prefix_path.dsv'
[12.129s] INFO:colcon.colcon_core.shell:Creating environment hook '/home/kkks/exam/install/examine/share/examine/hook/cmake_prefix_path.sh'
[12.130s] Level 1:colcon.colcon_core.environment:checking '/home/kkks/exam/install/examine/lib'
[12.130s] Level 1:colcon.colcon_core.environment:checking '/home/kkks/exam/install/examine/bin'
[12.130s] Level 1:colcon.colcon_core.environment:checking '/home/kkks/exam/install/examine/lib/pkgconfig/examine.pc'
[12.131s] Level 1:colcon.colcon_core.environment:checking '/home/kkks/exam/install/examine/lib/python3.10/site-packages'
[12.131s] Level 1:colcon.colcon_core.environment:checking '/home/kkks/exam/install/examine/bin'
[12.131s] INFO:colcon.colcon_core.shell:Creating package script '/home/kkks/exam/install/examine/share/examine/package.ps1'
[12.131s] INFO:colcon.colcon_core.shell:Creating package descriptor '/home/kkks/exam/install/examine/share/examine/package.dsv'
[12.132s] INFO:colcon.colcon_core.shell:Creating package script '/home/kkks/exam/install/examine/share/examine/package.sh'
[12.132s] INFO:colcon.colcon_core.shell:Creating package script '/home/kkks/exam/install/examine/share/examine/package.bash'
[12.133s] INFO:colcon.colcon_core.shell:Creating package script '/home/kkks/exam/install/examine/share/examine/package.zsh'
[12.133s] Level 1:colcon.colcon_core.environment:create_file_with_runtime_dependencies(/home/kkks/exam/install/examine/share/colcon-core/packages/examine)
[12.134s] Level 1:colcon.colcon_core.environment:create_environment_scripts_only(examine)
[12.134s] Level 1:colcon.colcon_core.environment:checking '/home/kkks/exam/install/examine' for CMake module files
[12.134s] Level 1:colcon.colcon_core.environment:checking '/home/kkks/exam/install/examine' for CMake config files
[12.134s] Level 1:colcon.colcon_core.shell:create_environment_hook('examine', 'cmake_prefix_path')
[12.134s] INFO:colcon.colcon_core.shell:Creating environment hook '/home/kkks/exam/install/examine/share/examine/hook/cmake_prefix_path.ps1'
[12.135s] INFO:colcon.colcon_core.shell:Creating environment descriptor '/home/kkks/exam/install/examine/share/examine/hook/cmake_prefix_path.dsv'
[12.135s] INFO:colcon.colcon_core.shell:Creating environment hook '/home/kkks/exam/install/examine/share/examine/hook/cmake_prefix_path.sh'
[12.135s] Level 1:colcon.colcon_core.environment:checking '/home/kkks/exam/install/examine/lib'
[12.135s] Level 1:colcon.colcon_core.environment:checking '/home/kkks/exam/install/examine/bin'
[12.135s] Level 1:colcon.colcon_core.environment:checking '/home/kkks/exam/install/examine/lib/pkgconfig/examine.pc'
[12.136s] Level 1:colcon.colcon_core.environment:checking '/home/kkks/exam/install/examine/lib/python3.10/site-packages'
[12.136s] Level 1:colcon.colcon_core.environment:checking '/home/kkks/exam/install/examine/bin'
[12.136s] INFO:colcon.colcon_core.shell:Creating package script '/home/kkks/exam/install/examine/share/examine/package.ps1'
[12.136s] INFO:colcon.colcon_core.shell:Creating package descriptor '/home/kkks/exam/install/examine/share/examine/package.dsv'
[12.137s] INFO:colcon.colcon_core.shell:Creating package script '/home/kkks/exam/install/examine/share/examine/package.sh'
[12.137s] INFO:colcon.colcon_core.shell:Creating package script '/home/kkks/exam/install/examine/share/examine/package.bash'
[12.137s] INFO:colcon.colcon_core.shell:Creating package script '/home/kkks/exam/install/examine/share/examine/package.zsh'
[12.137s] Level 1:colcon.colcon_core.environment:create_file_with_runtime_dependencies(/home/kkks/exam/install/examine/share/colcon-core/packages/examine)
[13.148s] DEBUG:colcon.colcon_core.event_handler.log_command:Invoked command in '/home/kkks/exam/build/tutorial_interfaces' returned '0': CMAKE_PREFIX_PATH=${CMAKE_PREFIX_PATH}:/opt/ros/humble /usr/bin/cmake --build /home/kkks/exam/build/tutorial_interfaces -- -j16 -l16
[13.150s] DEBUG:colcon.colcon_core.event_handler.log_command:Invoking command in '/home/kkks/exam/build/tutorial_interfaces': CMAKE_PREFIX_PATH=${CMAKE_PREFIX_PATH}:/opt/ros/humble /usr/bin/cmake --install /home/kkks/exam/build/tutorial_interfaces
[13.209s] Level 1:colcon.colcon_core.environment:create_environment_scripts_only(tutorial_interfaces)
[13.210s] DEBUG:colcon.colcon_core.event_handler.log_command:Invoked command in '/home/kkks/exam/build/tutorial_interfaces' returned '0': CMAKE_PREFIX_PATH=${CMAKE_PREFIX_PATH}:/opt/ros/humble /usr/bin/cmake --install /home/kkks/exam/build/tutorial_interfaces
[13.210s] Level 1:colcon.colcon_core.environment:checking '/home/kkks/exam/install/tutorial_interfaces' for CMake module files
[13.211s] Level 1:colcon.colcon_core.environment:checking '/home/kkks/exam/install/tutorial_interfaces' for CMake config files
[13.211s] Level 1:colcon.colcon_core.shell:create_environment_hook('tutorial_interfaces', 'cmake_prefix_path')
[13.211s] INFO:colcon.colcon_core.shell:Creating environment hook '/home/kkks/exam/install/tutorial_interfaces/share/tutorial_interfaces/hook/cmake_prefix_path.ps1'
[13.212s] INFO:colcon.colcon_core.shell:Creating environment descriptor '/home/kkks/exam/install/tutorial_interfaces/share/tutorial_interfaces/hook/cmake_prefix_path.dsv'
[13.212s] INFO:colcon.colcon_core.shell:Creating environment hook '/home/kkks/exam/install/tutorial_interfaces/share/tutorial_interfaces/hook/cmake_prefix_path.sh'
[13.212s] Level 1:colcon.colcon_core.environment:checking '/home/kkks/exam/install/tutorial_interfaces/lib'
[13.212s] Level 1:colcon.colcon_core.shell:create_environment_hook('tutorial_interfaces', 'ld_library_path_lib')
[13.212s] INFO:colcon.colcon_core.shell:Creating environment hook '/home/kkks/exam/install/tutorial_interfaces/share/tutorial_interfaces/hook/ld_library_path_lib.ps1'
[13.213s] INFO:colcon.colcon_core.shell:Creating environment descriptor '/home/kkks/exam/install/tutorial_interfaces/share/tutorial_interfaces/hook/ld_library_path_lib.dsv'
[13.213s] INFO:colcon.colcon_core.shell:Creating environment hook '/home/kkks/exam/install/tutorial_interfaces/share/tutorial_interfaces/hook/ld_library_path_lib.sh'
[13.213s] Level 1:colcon.colcon_core.environment:checking '/home/kkks/exam/install/tutorial_interfaces/bin'
[13.213s] Level 1:colcon.colcon_core.environment:checking '/home/kkks/exam/install/tutorial_interfaces/lib/pkgconfig/tutorial_interfaces.pc'
[13.213s] Level 1:colcon.colcon_core.environment:checking '/home/kkks/exam/install/tutorial_interfaces/lib/python3.10/site-packages'
[13.213s] Level 1:colcon.colcon_core.environment:checking '/home/kkks/exam/install/tutorial_interfaces/bin'
[13.214s] INFO:colcon.colcon_core.shell:Creating package script '/home/kkks/exam/install/tutorial_interfaces/share/tutorial_interfaces/package.ps1'
[13.214s] INFO:colcon.colcon_core.shell:Creating package descriptor '/home/kkks/exam/install/tutorial_interfaces/share/tutorial_interfaces/package.dsv'
[13.214s] INFO:colcon.colcon_core.shell:Creating package script '/home/kkks/exam/install/tutorial_interfaces/share/tutorial_interfaces/package.sh'
[13.215s] INFO:colcon.colcon_core.shell:Creating package script '/home/kkks/exam/install/tutorial_interfaces/share/tutorial_interfaces/package.bash'
[13.215s] INFO:colcon.colcon_core.shell:Creating package script '/home/kkks/exam/install/tutorial_interfaces/share/tutorial_interfaces/package.zsh'
[13.215s] Level 1:colcon.colcon_core.environment:create_file_with_runtime_dependencies(/home/kkks/exam/install/tutorial_interfaces/share/colcon-core/packages/tutorial_interfaces)
[13.215s] Level 1:colcon.colcon_core.environment:create_environment_scripts_only(tutorial_interfaces)
[13.216s] Level 1:colcon.colcon_core.environment:checking '/home/kkks/exam/install/tutorial_interfaces' for CMake module files
[13.216s] Level 1:colcon.colcon_core.environment:checking '/home/kkks/exam/install/tutorial_interfaces' for CMake config files
[13.216s] Level 1:colcon.colcon_core.shell:create_environment_hook('tutorial_interfaces', 'cmake_prefix_path')
[13.216s] INFO:colcon.colcon_core.shell:Creating environment hook '/home/kkks/exam/install/tutorial_interfaces/share/tutorial_interfaces/hook/cmake_prefix_path.ps1'
[13.217s] INFO:colcon.colcon_core.shell:Creating environment descriptor '/home/kkks/exam/install/tutorial_interfaces/share/tutorial_interfaces/hook/cmake_prefix_path.dsv'
[13.217s] INFO:colcon.colcon_core.shell:Creating environment hook '/home/kkks/exam/install/tutorial_interfaces/share/tutorial_interfaces/hook/cmake_prefix_path.sh'
[13.217s] Level 1:colcon.colcon_core.environment:checking '/home/kkks/exam/install/tutorial_interfaces/lib'
[13.217s] Level 1:colcon.colcon_core.shell:create_environment_hook('tutorial_interfaces', 'ld_library_path_lib')
[13.217s] INFO:colcon.colcon_core.shell:Creating environment hook '/home/kkks/exam/install/tutorial_interfaces/share/tutorial_interfaces/hook/ld_library_path_lib.ps1'
[13.218s] INFO:colcon.colcon_core.shell:Creating environment descriptor '/home/kkks/exam/install/tutorial_interfaces/share/tutorial_interfaces/hook/ld_library_path_lib.dsv'
[13.218s] INFO:colcon.colcon_core.shell:Creating environment hook '/home/kkks/exam/install/tutorial_interfaces/share/tutorial_interfaces/hook/ld_library_path_lib.sh'
[13.218s] Level 1:colcon.colcon_core.environment:checking '/home/kkks/exam/install/tutorial_interfaces/bin'
[13.218s] Level 1:colcon.colcon_core.environment:checking '/home/kkks/exam/install/tutorial_interfaces/lib/pkgconfig/tutorial_interfaces.pc'
[13.218s] Level 1:colcon.colcon_core.environment:checking '/home/kkks/exam/install/tutorial_interfaces/lib/python3.10/site-packages'
[13.219s] Level 1:colcon.colcon_core.environment:checking '/home/kkks/exam/install/tutorial_interfaces/bin'
[13.219s] INFO:colcon.colcon_core.shell:Creating package script '/home/kkks/exam/install/tutorial_interfaces/share/tutorial_interfaces/package.ps1'
[13.219s] INFO:colcon.colcon_core.shell:Creating package descriptor '/home/kkks/exam/install/tutorial_interfaces/share/tutorial_interfaces/package.dsv'
[13.220s] INFO:colcon.colcon_core.shell:Creating package script '/home/kkks/exam/install/tutorial_interfaces/share/tutorial_interfaces/package.sh'
[13.220s] INFO:colcon.colcon_core.shell:Creating package script '/home/kkks/exam/install/tutorial_interfaces/share/tutorial_interfaces/package.bash'
[13.220s] INFO:colcon.colcon_core.shell:Creating package script '/home/kkks/exam/install/tutorial_interfaces/share/tutorial_interfaces/package.zsh'
[13.220s] Level 1:colcon.colcon_core.environment:create_file_with_runtime_dependencies(/home/kkks/exam/install/tutorial_interfaces/share/colcon-core/packages/tutorial_interfaces)
[13.221s] DEBUG:colcon.colcon_parallel_executor.executor.parallel:closing loop
[13.221s] DEBUG:colcon.colcon_parallel_executor.executor.parallel:loop closed
[13.221s] DEBUG:colcon.colcon_parallel_executor.executor.parallel:run_until_complete finished with '0'
[13.221s] DEBUG:colcon.colcon_core.event_reactor:joining thread
[13.226s] INFO:colcon.colcon_core.plugin_system:Skipping extension 'colcon_notification.desktop_notification.terminal_notifier': Not used on non-Darwin systems
[13.226s] INFO:colcon.colcon_core.plugin_system:Skipping extension 'colcon_notification.desktop_notification.win32': Not used on non-Windows systems
[13.226s] INFO:colcon.colcon_notification.desktop_notification:Sending desktop notification using 'notify2'
[13.236s] DEBUG:colcon.colcon_core.event_reactor:joined thread
[13.237s] INFO:colcon.colcon_core.shell:Creating prefix script '/home/kkks/exam/install/local_setup.ps1'
[13.238s] INFO:colcon.colcon_core.shell:Creating prefix util module '/home/kkks/exam/install/_local_setup_util_ps1.py'
[13.239s] INFO:colcon.colcon_core.shell:Creating prefix chain script '/home/kkks/exam/install/setup.ps1'
[13.240s] INFO:colcon.colcon_core.shell:Creating prefix script '/home/kkks/exam/install/local_setup.sh'
[13.241s] INFO:colcon.colcon_core.shell:Creating prefix util module '/home/kkks/exam/install/_local_setup_util_sh.py'
[13.241s] INFO:colcon.colcon_core.shell:Creating prefix chain script '/home/kkks/exam/install/setup.sh'
[13.243s] INFO:colcon.colcon_core.shell:Creating prefix script '/home/kkks/exam/install/local_setup.bash'
[13.243s] INFO:colcon.colcon_core.shell:Creating prefix chain script '/home/kkks/exam/install/setup.bash'
[13.245s] INFO:colcon.colcon_core.shell:Creating prefix script '/home/kkks/exam/install/local_setup.zsh'
[13.245s] INFO:colcon.colcon_core.shell:Creating prefix chain script '/home/kkks/exam/install/setup.zsh'
